[2022-02-12 20:31:40,978] {taskinstance.py:670} INFO - Dependencies all met for <TaskInstance: 0_download_data.download_data 2022-02-12T20:31:30.953343+00:00 [queued]>
[2022-02-12 20:31:41,043] {taskinstance.py:670} INFO - Dependencies all met for <TaskInstance: 0_download_data.download_data 2022-02-12T20:31:30.953343+00:00 [queued]>
[2022-02-12 20:31:41,045] {taskinstance.py:880} INFO - 
--------------------------------------------------------------------------------
[2022-02-12 20:31:41,046] {taskinstance.py:881} INFO - Starting attempt 1 of 2
[2022-02-12 20:31:41,047] {taskinstance.py:882} INFO - 
--------------------------------------------------------------------------------
[2022-02-12 20:31:41,072] {taskinstance.py:901} INFO - Executing <Task(PythonOperator): download_data> on 2022-02-12T20:31:30.953343+00:00
[2022-02-12 20:31:41,085] {standard_task_runner.py:54} INFO - Started process 1910 to run task
[2022-02-12 20:31:41,198] {standard_task_runner.py:77} INFO - Running: ['airflow', 'run', '0_download_data', 'download_data', '2022-02-12T20:31:30.953343+00:00', '--job_id', '6', '--pool', 'default_pool', '--raw', '-sd', 'DAGS_FOLDER/download_data.py', '--cfg_path', '/tmp/tmp8mfnzf1v']
[2022-02-12 20:31:41,199] {standard_task_runner.py:78} INFO - Job 6: Subtask download_data
[2022-02-12 20:31:41,309] {logging_mixin.py:112} INFO - Running <TaskInstance: 0_download_data.download_data 2022-02-12T20:31:30.953343+00:00 [running]> on host f261333f79b3
[2022-02-12 20:31:55,682] {logging_mixin.py:112} INFO - lawsuits_2017_2021
[2022-02-12 20:31:55,815] {taskinstance.py:1150} ERROR - Missing optional dependency 'xlrd'. Install xlrd >= 1.0.0 for Excel support Use pip or conda to install xlrd.
Traceback (most recent call last):
  File "/usr/local/lib/python3.7/site-packages/airflow/models/taskinstance.py", line 984, in _run_raw_task
    result = task_copy.execute(context=context)
  File "/usr/local/lib/python3.7/site-packages/airflow/operators/python_operator.py", line 113, in execute
    return_value = self.execute_callable()
  File "/usr/local/lib/python3.7/site-packages/airflow/operators/python_operator.py", line 118, in execute_callable
    return self.python_callable(*self.op_args, **self.op_kwargs)
  File "/airflow/dags/download_data.py", line 20, in download
    write_dict = get_data()
  File "/airflow/dags/download_data.py", line 58, in get_data
    lawsuits_dfs.append(pd.read_excel(fp))
  File "/usr/local/lib/python3.7/site-packages/pandas/util/_decorators.py", line 208, in wrapper
    return func(*args, **kwargs)
  File "/usr/local/lib/python3.7/site-packages/pandas/io/excel/_base.py", line 310, in read_excel
    io = ExcelFile(io, engine=engine)
  File "/usr/local/lib/python3.7/site-packages/pandas/io/excel/_base.py", line 819, in __init__
    self._reader = self._engines[engine](self._io)
  File "/usr/local/lib/python3.7/site-packages/pandas/io/excel/_xlrd.py", line 20, in __init__
    import_optional_dependency("xlrd", extra=err_msg)
  File "/usr/local/lib/python3.7/site-packages/pandas/compat/_optional.py", line 93, in import_optional_dependency
    raise ImportError(message.format(name=name, extra=extra)) from None
ImportError: Missing optional dependency 'xlrd'. Install xlrd >= 1.0.0 for Excel support Use pip or conda to install xlrd.
[2022-02-12 20:31:55,821] {taskinstance.py:1194} INFO - Marking task as UP_FOR_RETRY. dag_id=0_download_data, task_id=download_data, execution_date=20220212T203130, start_date=20220212T203140, end_date=20220212T203155
[2022-02-12 20:31:55,984] {local_task_job.py:102} INFO - Task exited with return code 1
