[2022-02-12 20:37:00,646] {taskinstance.py:670} INFO - Dependencies all met for <TaskInstance: 0_download_data.download_data 2022-02-12T20:31:30.953343+00:00 [queued]>
[2022-02-12 20:37:00,690] {taskinstance.py:670} INFO - Dependencies all met for <TaskInstance: 0_download_data.download_data 2022-02-12T20:31:30.953343+00:00 [queued]>
[2022-02-12 20:37:00,691] {taskinstance.py:880} INFO - 
--------------------------------------------------------------------------------
[2022-02-12 20:37:00,692] {taskinstance.py:881} INFO - Starting attempt 2 of 2
[2022-02-12 20:37:00,693] {taskinstance.py:882} INFO - 
--------------------------------------------------------------------------------
[2022-02-12 20:37:00,705] {taskinstance.py:901} INFO - Executing <Task(PythonOperator): download_data> on 2022-02-12T20:31:30.953343+00:00
[2022-02-12 20:37:00,710] {standard_task_runner.py:54} INFO - Started process 2552 to run task
[2022-02-12 20:37:00,765] {standard_task_runner.py:77} INFO - Running: ['airflow', 'run', '0_download_data', 'download_data', '2022-02-12T20:31:30.953343+00:00', '--job_id', '7', '--pool', 'default_pool', '--raw', '-sd', 'DAGS_FOLDER/download_data.py', '--cfg_path', '/tmp/tmpk0w3f6_4']
[2022-02-12 20:37:00,767] {standard_task_runner.py:78} INFO - Job 7: Subtask download_data
[2022-02-12 20:37:00,844] {logging_mixin.py:112} INFO - Running <TaskInstance: 0_download_data.download_data 2022-02-12T20:31:30.953343+00:00 [running]> on host f261333f79b3
[2022-02-12 20:37:21,744] {logging_mixin.py:112} INFO - lawsuits_2017_2021
[2022-02-12 20:37:21,972] {taskinstance.py:1150} ERROR - Missing optional dependency 'xlrd'. Install xlrd >= 1.0.0 for Excel support Use pip or conda to install xlrd.
Traceback (most recent call last):
  File "/usr/local/lib/python3.7/site-packages/airflow/models/taskinstance.py", line 984, in _run_raw_task
    result = task_copy.execute(context=context)
  File "/usr/local/lib/python3.7/site-packages/airflow/operators/python_operator.py", line 113, in execute
    return_value = self.execute_callable()
  File "/usr/local/lib/python3.7/site-packages/airflow/operators/python_operator.py", line 118, in execute_callable
    return self.python_callable(*self.op_args, **self.op_kwargs)
  File "/airflow/dags/download_data.py", line 20, in download
    write_dict = get_data()
  File "/airflow/dags/download_data.py", line 58, in get_data
    lawsuits_dfs.append(pd.read_excel(fp))
  File "/usr/local/lib/python3.7/site-packages/pandas/util/_decorators.py", line 208, in wrapper
    return func(*args, **kwargs)
  File "/usr/local/lib/python3.7/site-packages/pandas/io/excel/_base.py", line 310, in read_excel
    io = ExcelFile(io, engine=engine)
  File "/usr/local/lib/python3.7/site-packages/pandas/io/excel/_base.py", line 819, in __init__
    self._reader = self._engines[engine](self._io)
  File "/usr/local/lib/python3.7/site-packages/pandas/io/excel/_xlrd.py", line 20, in __init__
    import_optional_dependency("xlrd", extra=err_msg)
  File "/usr/local/lib/python3.7/site-packages/pandas/compat/_optional.py", line 93, in import_optional_dependency
    raise ImportError(message.format(name=name, extra=extra)) from None
ImportError: Missing optional dependency 'xlrd'. Install xlrd >= 1.0.0 for Excel support Use pip or conda to install xlrd.
[2022-02-12 20:37:21,978] {taskinstance.py:1194} INFO - Marking task as FAILED. dag_id=0_download_data, task_id=download_data, execution_date=20220212T203130, start_date=20220212T203700, end_date=20220212T203721
[2022-02-12 20:37:25,716] {local_task_job.py:102} INFO - Task exited with return code 1
