[2022-02-12 21:03:34,265] {taskinstance.py:670} INFO - Dependencies all met for <TaskInstance: 1_load_initial_data.create_awards 2022-02-12T21:02:57.549049+00:00 [queued]>
[2022-02-12 21:03:34,352] {taskinstance.py:670} INFO - Dependencies all met for <TaskInstance: 1_load_initial_data.create_awards 2022-02-12T21:02:57.549049+00:00 [queued]>
[2022-02-12 21:03:34,357] {taskinstance.py:880} INFO - 
--------------------------------------------------------------------------------
[2022-02-12 21:03:34,360] {taskinstance.py:881} INFO - Starting attempt 1 of 2
[2022-02-12 21:03:34,361] {taskinstance.py:882} INFO - 
--------------------------------------------------------------------------------
[2022-02-12 21:03:34,411] {taskinstance.py:901} INFO - Executing <Task(PostgresOperator): create_awards> on 2022-02-12T21:02:57.549049+00:00
[2022-02-12 21:03:34,416] {standard_task_runner.py:54} INFO - Started process 5907 to run task
[2022-02-12 21:03:34,486] {standard_task_runner.py:77} INFO - Running: ['airflow', 'run', '1_load_initial_data', 'create_awards', '2022-02-12T21:02:57.549049+00:00', '--job_id', '33', '--pool', 'default_pool', '--raw', '-sd', 'DAGS_FOLDER/load_data.py', '--cfg_path', '/tmp/tmp4o42c9hp']
[2022-02-12 21:03:34,488] {standard_task_runner.py:78} INFO - Job 33: Subtask create_awards
[2022-02-12 21:03:34,573] {logging_mixin.py:112} INFO - Running <TaskInstance: 1_load_initial_data.create_awards 2022-02-12T21:02:57.549049+00:00 [running]> on host f261333f79b3
[2022-02-12 21:03:34,693] {postgres_operator.py:62} INFO - Executing: 
                      CREATE TABLE IF NOT EXISTS 
                      dbt_raw_data.awards 
                      (
                          taxid bigint, 
                          date varchar(20), 
                          name varchar(100)
                      );
                      
[2022-02-12 21:03:34,735] {base_hook.py:89} INFO - Using connection to: id: dbt_postgres_instance_raw_data. Host: postgres-dbt, Port: 5432, Schema: dbtdb, Login: dbtuser, Password: XXXXXXXX, extra: None
[2022-02-12 21:03:34,759] {dbapi_hook.py:176} INFO - 
                      CREATE TABLE IF NOT EXISTS 
                      dbt_raw_data.awards 
                      (
                          taxid bigint, 
                          date varchar(20), 
                          name varchar(100)
                      );
                      
[2022-02-12 21:03:34,763] {postgres_operator.py:67} INFO - NOTICE:  relation "awards" already exists, skipping

[2022-02-12 21:03:34,809] {taskinstance.py:1070} INFO - Marking task as SUCCESS.dag_id=1_load_initial_data, task_id=create_awards, execution_date=20220212T210257, start_date=20220212T210334, end_date=20220212T210334
[2022-02-12 21:03:39,254] {local_task_job.py:102} INFO - Task exited with return code 0
