[2022-02-12 20:31:13,490] {taskinstance.py:670} INFO - Dependencies all met for <TaskInstance: 0_download_data.download_data 2022-02-12T20:25:05.910479+00:00 [queued]>
[2022-02-12 20:31:13,539] {taskinstance.py:670} INFO - Dependencies all met for <TaskInstance: 0_download_data.download_data 2022-02-12T20:25:05.910479+00:00 [queued]>
[2022-02-12 20:31:13,541] {taskinstance.py:880} INFO - 
--------------------------------------------------------------------------------
[2022-02-12 20:31:13,542] {taskinstance.py:881} INFO - Starting attempt 2 of 2
[2022-02-12 20:31:13,542] {taskinstance.py:882} INFO - 
--------------------------------------------------------------------------------
[2022-02-12 20:31:13,559] {taskinstance.py:901} INFO - Executing <Task(PythonOperator): download_data> on 2022-02-12T20:25:05.910479+00:00
[2022-02-12 20:31:13,566] {standard_task_runner.py:54} INFO - Started process 1849 to run task
[2022-02-12 20:31:13,623] {standard_task_runner.py:77} INFO - Running: ['airflow', 'run', '0_download_data', 'download_data', '2022-02-12T20:25:05.910479+00:00', '--job_id', '5', '--pool', 'default_pool', '--raw', '-sd', 'DAGS_FOLDER/download_data.py', '--cfg_path', '/tmp/tmp5mwpn1li']
[2022-02-12 20:31:13,624] {standard_task_runner.py:78} INFO - Job 5: Subtask download_data
[2022-02-12 20:31:13,692] {logging_mixin.py:112} INFO - Running <TaskInstance: 0_download_data.download_data 2022-02-12T20:25:05.910479+00:00 [running]> on host f261333f79b3
[2022-02-12 20:31:30,058] {logging_mixin.py:112} INFO - lawsuits_2017_2021
[2022-02-12 20:31:30,158] {taskinstance.py:1150} ERROR - Missing optional dependency 'xlrd'. Install xlrd >= 1.0.0 for Excel support Use pip or conda to install xlrd.
Traceback (most recent call last):
  File "/usr/local/lib/python3.7/site-packages/airflow/models/taskinstance.py", line 984, in _run_raw_task
    result = task_copy.execute(context=context)
  File "/usr/local/lib/python3.7/site-packages/airflow/operators/python_operator.py", line 113, in execute
    return_value = self.execute_callable()
  File "/usr/local/lib/python3.7/site-packages/airflow/operators/python_operator.py", line 118, in execute_callable
    return self.python_callable(*self.op_args, **self.op_kwargs)
  File "/airflow/dags/download_data.py", line 20, in download
    write_dict = get_data()
  File "/airflow/dags/download_data.py", line 58, in get_data
    lawsuits_dfs.append(pd.read_excel(fp))
  File "/usr/local/lib/python3.7/site-packages/pandas/util/_decorators.py", line 208, in wrapper
    return func(*args, **kwargs)
  File "/usr/local/lib/python3.7/site-packages/pandas/io/excel/_base.py", line 310, in read_excel
    io = ExcelFile(io, engine=engine)
  File "/usr/local/lib/python3.7/site-packages/pandas/io/excel/_base.py", line 819, in __init__
    self._reader = self._engines[engine](self._io)
  File "/usr/local/lib/python3.7/site-packages/pandas/io/excel/_xlrd.py", line 20, in __init__
    import_optional_dependency("xlrd", extra=err_msg)
  File "/usr/local/lib/python3.7/site-packages/pandas/compat/_optional.py", line 93, in import_optional_dependency
    raise ImportError(message.format(name=name, extra=extra)) from None
ImportError: Missing optional dependency 'xlrd'. Install xlrd >= 1.0.0 for Excel support Use pip or conda to install xlrd.
[2022-02-12 20:31:30,163] {taskinstance.py:1194} INFO - Marking task as FAILED. dag_id=0_download_data, task_id=download_data, execution_date=20220212T202505, start_date=20220212T203113, end_date=20220212T203130
[2022-02-12 20:31:33,451] {local_task_job.py:102} INFO - Task exited with return code 1
