[2022-02-27 00:47:11,616] {scheduler_job.py:155} INFO - Started process (PID=17358) to work on /airflow/dags/load_data.py
[2022-02-27 00:47:11,621] {scheduler_job.py:1572} INFO - Processing file /airflow/dags/load_data.py for tasks to queue
[2022-02-27 00:47:11,622] {logging_mixin.py:112} INFO - [2022-02-27 00:47:11,622] {dagbag.py:417} INFO - Filling up the DagBag from /airflow/dags/load_data.py
[2022-02-27 00:47:11,638] {scheduler_job.py:1584} INFO - DAG(s) dict_keys(['1_load_initial_data']) retrieved from /airflow/dags/load_data.py
[2022-02-27 00:47:11,697] {scheduler_job.py:1288} INFO - Processing 1_load_initial_data
[2022-02-27 00:47:11,705] {scheduler_job.py:459} INFO - Skipping SLA check for <DAG: 1_load_initial_data> because no tasks in DAG have SLAs
[2022-02-27 00:47:11,710] {scheduler_job.py:163} INFO - Processing /airflow/dags/load_data.py took 0.093 seconds
[2022-02-27 00:47:26,229] {scheduler_job.py:155} INFO - Started process (PID=17384) to work on /airflow/dags/load_data.py
[2022-02-27 00:47:26,239] {scheduler_job.py:1572} INFO - Processing file /airflow/dags/load_data.py for tasks to queue
[2022-02-27 00:47:26,242] {logging_mixin.py:112} INFO - [2022-02-27 00:47:26,241] {dagbag.py:417} INFO - Filling up the DagBag from /airflow/dags/load_data.py
[2022-02-27 00:47:26,271] {scheduler_job.py:1584} INFO - DAG(s) dict_keys(['1_load_initial_data']) retrieved from /airflow/dags/load_data.py
[2022-02-27 00:47:26,339] {scheduler_job.py:1288} INFO - Processing 1_load_initial_data
[2022-02-27 00:47:26,351] {scheduler_job.py:459} INFO - Skipping SLA check for <DAG: 1_load_initial_data> because no tasks in DAG have SLAs
[2022-02-27 00:47:26,357] {scheduler_job.py:163} INFO - Processing /airflow/dags/load_data.py took 0.129 seconds
[2022-02-27 01:43:34,458] {scheduler_job.py:155} INFO - Started process (PID=17410) to work on /airflow/dags/load_data.py
[2022-02-27 01:43:34,473] {scheduler_job.py:1572} INFO - Processing file /airflow/dags/load_data.py for tasks to queue
[2022-02-27 01:43:34,476] {logging_mixin.py:112} INFO - [2022-02-27 01:43:34,475] {dagbag.py:417} INFO - Filling up the DagBag from /airflow/dags/load_data.py
[2022-02-27 01:43:34,499] {scheduler_job.py:1584} INFO - DAG(s) dict_keys(['1_load_initial_data']) retrieved from /airflow/dags/load_data.py
[2022-02-27 01:43:34,557] {scheduler_job.py:1288} INFO - Processing 1_load_initial_data
[2022-02-27 01:43:34,598] {scheduler_job.py:459} INFO - Skipping SLA check for <DAG: 1_load_initial_data> because no tasks in DAG have SLAs
[2022-02-27 01:43:34,680] {scheduler_job.py:163} INFO - Processing /airflow/dags/load_data.py took 0.221 seconds
[2022-02-27 01:44:22,598] {scheduler_job.py:155} INFO - Started process (PID=17437) to work on /airflow/dags/load_data.py
[2022-02-27 01:44:22,605] {scheduler_job.py:1572} INFO - Processing file /airflow/dags/load_data.py for tasks to queue
[2022-02-27 01:44:22,607] {logging_mixin.py:112} INFO - [2022-02-27 01:44:22,607] {dagbag.py:417} INFO - Filling up the DagBag from /airflow/dags/load_data.py
[2022-02-27 01:44:22,630] {scheduler_job.py:1584} INFO - DAG(s) dict_keys(['1_load_initial_data']) retrieved from /airflow/dags/load_data.py
[2022-02-27 01:44:22,681] {scheduler_job.py:1288} INFO - Processing 1_load_initial_data
[2022-02-27 01:44:22,689] {scheduler_job.py:459} INFO - Skipping SLA check for <DAG: 1_load_initial_data> because no tasks in DAG have SLAs
[2022-02-27 01:44:22,695] {scheduler_job.py:163} INFO - Processing /airflow/dags/load_data.py took 0.097 seconds
[2022-02-27 03:42:40,410] {scheduler_job.py:155} INFO - Started process (PID=17462) to work on /airflow/dags/load_data.py
[2022-02-27 03:42:40,419] {scheduler_job.py:1572} INFO - Processing file /airflow/dags/load_data.py for tasks to queue
[2022-02-27 03:42:40,420] {logging_mixin.py:112} INFO - [2022-02-27 03:42:40,420] {dagbag.py:417} INFO - Filling up the DagBag from /airflow/dags/load_data.py
[2022-02-27 03:42:40,448] {scheduler_job.py:1584} INFO - DAG(s) dict_keys(['1_load_initial_data']) retrieved from /airflow/dags/load_data.py
[2022-02-27 03:42:40,621] {scheduler_job.py:1288} INFO - Processing 1_load_initial_data
[2022-02-27 03:42:40,650] {scheduler_job.py:459} INFO - Skipping SLA check for <DAG: 1_load_initial_data> because no tasks in DAG have SLAs
[2022-02-27 03:42:40,667] {scheduler_job.py:163} INFO - Processing /airflow/dags/load_data.py took 0.257 seconds
[2022-02-27 11:44:03,266] {scheduler_job.py:155} INFO - Started process (PID=17488) to work on /airflow/dags/load_data.py
[2022-02-27 11:44:03,280] {scheduler_job.py:1572} INFO - Processing file /airflow/dags/load_data.py for tasks to queue
[2022-02-27 11:44:03,283] {logging_mixin.py:112} INFO - [2022-02-27 11:44:03,282] {dagbag.py:417} INFO - Filling up the DagBag from /airflow/dags/load_data.py
[2022-02-27 11:44:03,312] {scheduler_job.py:1584} INFO - DAG(s) dict_keys(['1_load_initial_data']) retrieved from /airflow/dags/load_data.py
[2022-02-27 11:44:03,373] {scheduler_job.py:1288} INFO - Processing 1_load_initial_data
[2022-02-27 11:44:03,381] {scheduler_job.py:459} INFO - Skipping SLA check for <DAG: 1_load_initial_data> because no tasks in DAG have SLAs
[2022-02-27 11:44:03,388] {scheduler_job.py:163} INFO - Processing /airflow/dags/load_data.py took 0.122 seconds
[2022-02-27 13:45:17,979] {scheduler_job.py:155} INFO - Started process (PID=17513) to work on /airflow/dags/load_data.py
[2022-02-27 13:45:22,450] {scheduler_job.py:1572} INFO - Processing file /airflow/dags/load_data.py for tasks to queue
[2022-02-27 13:45:23,007] {logging_mixin.py:112} INFO - [2022-02-27 13:45:23,006] {dagbag.py:417} INFO - Filling up the DagBag from /airflow/dags/load_data.py
[2022-02-27 13:45:23,336] {scheduler_job.py:1584} INFO - DAG(s) dict_keys(['1_load_initial_data']) retrieved from /airflow/dags/load_data.py
[2022-02-27 13:45:24,002] {scheduler_job.py:1288} INFO - Processing 1_load_initial_data
[2022-02-27 13:45:24,042] {scheduler_job.py:459} INFO - Skipping SLA check for <DAG: 1_load_initial_data> because no tasks in DAG have SLAs
[2022-02-27 13:45:24,118] {scheduler_job.py:163} INFO - Processing /airflow/dags/load_data.py took 6.289 seconds
