[2022-02-12 20:46:21,915] {taskinstance.py:670} INFO - Dependencies all met for <TaskInstance: 1_load_initial_data.create_awards 2022-02-12T20:45:34.617768+00:00 [queued]>
[2022-02-12 20:46:21,993] {taskinstance.py:670} INFO - Dependencies all met for <TaskInstance: 1_load_initial_data.create_awards 2022-02-12T20:45:34.617768+00:00 [queued]>
[2022-02-12 20:46:21,995] {taskinstance.py:880} INFO - 
--------------------------------------------------------------------------------
[2022-02-12 20:46:21,997] {taskinstance.py:881} INFO - Starting attempt 1 of 2
[2022-02-12 20:46:21,998] {taskinstance.py:882} INFO - 
--------------------------------------------------------------------------------
[2022-02-12 20:46:22,030] {taskinstance.py:901} INFO - Executing <Task(PostgresOperator): create_awards> on 2022-02-12T20:45:34.617768+00:00
[2022-02-12 20:46:22,045] {standard_task_runner.py:54} INFO - Started process 3703 to run task
[2022-02-12 20:46:22,502] {standard_task_runner.py:77} INFO - Running: ['airflow', 'run', '1_load_initial_data', 'create_awards', '2022-02-12T20:45:34.617768+00:00', '--job_id', '11', '--pool', 'default_pool', '--raw', '-sd', 'DAGS_FOLDER/load_data.py', '--cfg_path', '/tmp/tmp5n5gw12s']
[2022-02-12 20:46:22,510] {standard_task_runner.py:78} INFO - Job 11: Subtask create_awards
[2022-02-12 20:46:22,643] {logging_mixin.py:112} INFO - Running <TaskInstance: 1_load_initial_data.create_awards 2022-02-12T20:45:34.617768+00:00 [running]> on host f261333f79b3
[2022-02-12 20:46:22,692] {postgres_operator.py:62} INFO - Executing: 
                      CREATE TABLE IF NOT EXISTS 
                      dbt_raw_data.awards 
                      (taxid integer, date date, name varchar(100));
                      
[2022-02-12 20:46:22,722] {base_hook.py:89} INFO - Using connection to: id: dbt_postgres_instance_raw_data. Host: postgres-dbt, Port: 5432, Schema: dbtdb, Login: dbtuser, Password: XXXXXXXX, extra: None
[2022-02-12 20:46:22,738] {dbapi_hook.py:176} INFO - 
                      CREATE TABLE IF NOT EXISTS 
                      dbt_raw_data.awards 
                      (taxid integer, date date, name varchar(100));
                      
[2022-02-12 20:46:22,769] {taskinstance.py:1070} INFO - Marking task as SUCCESS.dag_id=1_load_initial_data, task_id=create_awards, execution_date=20220212T204534, start_date=20220212T204621, end_date=20220212T204622
[2022-02-12 20:46:26,878] {local_task_job.py:102} INFO - Task exited with return code 0
