[2022-02-12 20:52:43,899] {taskinstance.py:670} INFO - Dependencies all met for <TaskInstance: 1_load_initial_data.load_awards 2022-02-12T20:51:50.361694+00:00 [queued]>
[2022-02-12 20:52:43,952] {taskinstance.py:670} INFO - Dependencies all met for <TaskInstance: 1_load_initial_data.load_awards 2022-02-12T20:51:50.361694+00:00 [queued]>
[2022-02-12 20:52:43,953] {taskinstance.py:880} INFO - 
--------------------------------------------------------------------------------
[2022-02-12 20:52:43,954] {taskinstance.py:881} INFO - Starting attempt 1 of 2
[2022-02-12 20:52:43,955] {taskinstance.py:882} INFO - 
--------------------------------------------------------------------------------
[2022-02-12 20:52:43,976] {taskinstance.py:901} INFO - Executing <Task(PostgresOperator): load_awards> on 2022-02-12T20:51:50.361694+00:00
[2022-02-12 20:52:43,980] {standard_task_runner.py:54} INFO - Started process 4533 to run task
[2022-02-12 20:52:44,027] {standard_task_runner.py:77} INFO - Running: ['airflow', 'run', '1_load_initial_data', 'load_awards', '2022-02-12T20:51:50.361694+00:00', '--job_id', '23', '--pool', 'default_pool', '--raw', '-sd', 'DAGS_FOLDER/load_data.py', '--cfg_path', '/tmp/tmpoyq85546']
[2022-02-12 20:52:44,029] {standard_task_runner.py:78} INFO - Job 23: Subtask load_awards
[2022-02-12 20:52:44,099] {logging_mixin.py:112} INFO - Running <TaskInstance: 1_load_initial_data.load_awards 2022-02-12T20:51:50.361694+00:00 [running]> on host f261333f79b3
[2022-02-12 20:52:44,146] {postgres_operator.py:62} INFO - Executing: 
                      COPY dbt_raw_data.awards 
                      FROM '/sample_data/raw__awards.csv'
                      DELIMITER ',' CSV HEADER;
                      
[2022-02-12 20:52:44,190] {base_hook.py:89} INFO - Using connection to: id: dbt_postgres_instance_raw_data. Host: postgres-dbt, Port: 5432, Schema: dbtdb, Login: dbtuser, Password: XXXXXXXX, extra: None
[2022-02-12 20:52:44,271] {dbapi_hook.py:176} INFO - 
                      COPY dbt_raw_data.awards 
                      FROM '/sample_data/raw__awards.csv'
                      DELIMITER ',' CSV HEADER;
                      
[2022-02-12 20:52:44,312] {taskinstance.py:1150} ERROR - invalid input syntax for type date: "nan"
CONTEXT:  COPY awards, line 1577, column date: "nan"
Traceback (most recent call last):
  File "/usr/local/lib/python3.7/site-packages/airflow/models/taskinstance.py", line 984, in _run_raw_task
    result = task_copy.execute(context=context)
  File "/usr/local/lib/python3.7/site-packages/airflow/operators/postgres_operator.py", line 65, in execute
    self.hook.run(self.sql, self.autocommit, parameters=self.parameters)
  File "/usr/local/lib/python3.7/site-packages/airflow/hooks/dbapi_hook.py", line 177, in run
    cur.execute(s)
psycopg2.errors.InvalidDatetimeFormat: invalid input syntax for type date: "nan"
CONTEXT:  COPY awards, line 1577, column date: "nan"

[2022-02-12 20:52:44,318] {taskinstance.py:1194} INFO - Marking task as UP_FOR_RETRY. dag_id=1_load_initial_data, task_id=load_awards, execution_date=20220212T205150, start_date=20220212T205243, end_date=20220212T205244
[2022-02-12 20:52:48,886] {local_task_job.py:102} INFO - Task exited with return code 1
